DEBUG 10:17:20,522 CampanasLogger                      GetRegionesComunas        - Init
DEBUG 10:17:21,154 CampanasLogger                      GetRegionesComunas        - Finish
DEBUG 10:17:22,955 CampanasLogger                      GetWrapUpCodes            - Init
DEBUG 10:17:22,958 CampanasLogger                      GetWrapUpCodes            - Parametros: {"familia":"WE|WI|WO"}
DEBUG 10:17:23,077 CampanasLogger                      GetWrapUpCodes            - Finish
DEBUG 10:17:23,174 CampanasLogger                      getObservacion            - [8875142215] - Begin GetInfoObservacion ID: 13062
DEBUG 10:17:23,211 CampanasLogger                      getObservacion            - [8875142215] - Finish GetInfoObservacion ID: 13062
DEBUG 10:20:05,152 CampanasLogger                      GetRegionesComunas        - Init
DEBUG 10:20:05,166 CampanasLogger                      GetRegionesComunas        - Finish
DEBUG 10:20:08,672 CampanasLogger                      GetWrapUpCodes            - Init
DEBUG 10:20:08,673 CampanasLogger                      GetWrapUpCodes            - Parametros: {"familia":"WE|WI|WO"}
DEBUG 10:20:08,688 CampanasLogger                      GetWrapUpCodes            - Finish
DEBUG 10:20:08,892 CampanasLogger                      getObservacion            - [8325849855] - Begin GetInfoObservacion ID: 13064
DEBUG 10:20:08,903 CampanasLogger                      getObservacion            - [8325849855] - Finish GetInfoObservacion ID: 13064
DEBUG 10:28:22,077 CampanasLogger                      GetRegionesComunas        - Init
DEBUG 10:28:22,094 CampanasLogger                      GetRegionesComunas        - Finish
DEBUG 10:28:25,258 CampanasLogger                      GetWrapUpCodes            - Init
DEBUG 10:28:25,261 CampanasLogger                      GetWrapUpCodes            - Parametros: {"familia":"WE|WI|WO"}
DEBUG 10:28:25,274 CampanasLogger                      GetWrapUpCodes            - Finish
DEBUG 10:34:45,880 CampanasLogger                      GetRegionesComunas        - Init
DEBUG 10:34:45,889 CampanasLogger                      GetWrapUpCodes            - Init
DEBUG 10:34:45,889 CampanasLogger                      GetWrapUpCodes            - Parametros: {"familia":"WE|WI|WO"}
DEBUG 10:34:45,931 CampanasLogger                      GetRegionesComunas        - Finish
DEBUG 10:34:45,952 CampanasLogger                      GetWrapUpCodes            - Finish
DEBUG 10:38:02,415 CampanasLogger                      GetWrapUpCodes            - Init
DEBUG 10:38:02,421 CampanasLogger                      GetRegionesComunas        - Init
DEBUG 10:38:02,444 CampanasLogger                      GetRegionesComunas        - Finish
DEBUG 10:38:02,444 CampanasLogger                      GetWrapUpCodes            - Finish
DEBUG 10:41:50,129 CampanasLogger                      GetRegionesComunas        - Init
DEBUG 10:41:50,152 CampanasLogger                      GetRegionesComunas        - Finish
DEBUG 10:41:51,068 CampanasLogger                      GetWrapUpCodes            - Init
DEBUG 10:41:59,871 CampanasLogger                      GetRegionesComunas        - Init
DEBUG 10:41:59,885 CampanasLogger                      GetWrapUpCodes            - Init
DEBUG 10:41:59,887 CampanasLogger                      GetWrapUpCodes            - Parametros: {"familia":"WE|WI|WO"}
DEBUG 10:41:59,902 CampanasLogger                      GetWrapUpCodes            - Finish
DEBUG 10:45:12,375 CampanasLogger                      AddOrSaveGestionVenta     - [107131924300164320340180417] - Init
DEBUG 10:45:12,395 CampanasLogger                      AddOrSaveGestionVenta     - [107131924300164320340180417] - Parametros: {"infoGestion":{"esVenta":false,"idObs":-1,"callRegId":"","fbackFinalizacionCod":"3346db93-e038-4abb-82fb-78261e14fb33","fbackFinalizacionDesc":"Activación SVA","idUltimoEstado":"3","fBackFecHora":"","callPaisId":"CL","callCallcenterId":"KO","callCanalId":"WE","callFamiliaId":"Fij","callFecGestIni":"","callFecGestFin":"/42/2018","callBatchId":"","callSistemaId":"SISTEMA","callArchivo":"","accId":"AccId","accLineaId":"941532485","accCampanaId":"CQC","accHorario":"","accArg1Id":"","accArg2Id":"","accArg3Id":"","accPreg1":"¿ESTÁ CONFORME CON LOS SERVICIOS DE MOVISTAR?","accResp1":"","accPreg2":"¿QUÉ SERVICIOS TIENE CON LA COMPETENCIA?","accResp2":"","accScore":"","cliId":"","cliRutConDv":"143412512","cliNombre":"Nombre Cliente","cliSegmento":"","cliGse":"","cliAntiguedad":"","cliLineaAntiguedad":"","cliCicloCod":"","cliIndPortado":"","cliUltBoletaMonto":"","cliContacAlter":"","cliContacAlterFijo":"","cliContacAlterMovil":"","cliNumSerie":"","cliNotificar":"0","webEmail":"","fechaNacimiento":"","prodVigDesc":"","prodVigPrecio":"","prodVigFinPromo":"","dirCalle":"","dirNro":"","dirPiso":"","dirDepto":"","dirComuna":"","dirCiudad":"","dirRegion":"13","dirEntreCalles":"","dirYCalles":"","oferP1Cod":"OFERTA 1","oferP1Desc":"Alta(148):TRIO :TVHD PRO+Min Ilim+BA Talla L (dscto $12.000 x 6 meses)","oferP1Precio":"39990","oferP1Delta":"","oferP1Vendido":"","oferP1Cantidad":"","oferP2Cod":"","oferP2Desc":"","oferP2Precio":"","oferP2Delta":"","oferP2Vendido":"","oferP2Cantidad":"","oferP3Cod":"","oferP3Desc":"","oferP3Precio":"","oferP3Delta":"","oferP3Vendido":"","oferP3Cantidad":"","oferP4Cod":"","oferP4Desc":"","oferP4Precio":"","oferP4Delta":"","oferP4Vendido":"","oferP4Cantidad":"","oferP5Cod":"","oferP5Desc":"","oferP5Precio":"","oferP5Delta":"","oferP5Vendido":"","oferP5Cantidad":"","ventaProdCod":"","ventaSistemaId":"","ventaOossCod":"","generico01":"ENTEL","generico02":"","generico03":"","generico04":"","generico05":"","generico06":"","generico07":"","generico08":"","generico09":"","generico10":"","generico11":"","generico12":"","generico13":"","generico14":"","generico15":"","generico16":"","generico17":"","generico18":"","generico19":"","i3Identity":"107131924","zone":"","attempts":"0","status":"C","i3Siteid":"","i3Activecampaignid":"","i3Attemptsremotehangup":"0","i3Attemptssystemhangup":"","i3Attemptsabandoned":"","i3Attemptsbusy":"","i3Attemptsfax":"","i3Attemptsnoanswer":"","i3Attemptsmachine":"","i3Attemptsrescheduled":"0","i3Attemptssitcallable":"","i3Attemptsdaily":"1","i3LastcalledUtc":"19/03/2018","successresult":"","i3UploadId":"","i3Rowid":"","dncRegId":"","phoneNumber":"941532485","toExclude":"","expiration":"","fbackRegId":"","fbackLinea":"941532485","fbackEstado":"0","callIdRellamada":"","i3Callid":"300164320340180417","destinoLogistico":"","movSucursal":"","webNumAtencionCamaleon":"","webDireccion":"","fechaAgendamiento":"","cuartil":"Q1","webTipoSolicitud":"","webAni":"","webCodigoEquipo":"","webCodigoPlan":"","webTipoRequerimiento":"","webOrigen":"","webCategoria":"","cmptcCompaniaActual":"","cmptcSrvLinea":"","cmptcSrvBa":"","cmptcSrvTv":"","cmptcSrvMovil":"","cmptcSrvRangoPrecios":"","tlmSrvLinea":"","tlmSrvBa":"","tlmSrvTv":"","tlmSrvMovil":"","svaViaCertificacion":"","i3Userid":"msuarez","i3Campaignname":"CMP_CL_KO_WE_FIJ","fbackCierreFecHora":"","useridBackoffice":"","tipoCliente":"","tipoVenta":"","oferP1Categoria":"","oferP2Categoria":"","oferP3Categoria":"","oferP4Categoria":"","oferP5Categoria":"","despCalle":"","despComuna":"","despDepto":"","despEntreCalles":"","despNro":"","despPersonaContactar":"","despPiso":"","despReferencia":"","despRegion":"","despYCalles":"","sxbObservaciones":"","folioSiglo":"","folioUnifica":"","folioOl":"","folioMulticanalidad":"","sxbReferido":"","sxbGenerico1":"TBL_CL_KO_WE_FIJ","sxbGenerico3":"ERROR_IVR_DISCONNECT"},"infoPreventas":[]}
DEBUG 10:45:12,395 CampanasLogger                      AddOrSaveGestionVenta     - [107131924300164320340180417] - Add GestionVenta
ERROR 10:45:12,894 CampanasLogger                      call                      - Error Interno ID[8875142215][AddOrSaveGestionVenta] Message: ORA-01858: se ha encontrado un carácter no numérico donde se esperaba uno numérico
ORA-06512: en "DEVELOP.PKGTBL_WS_WEB_V13_0", línea 291
ORA-06512: en línea 1
ERROR 10:45:12,926 CampanasLogger                      call                      - Error Interno ID[8875142215][AddOrSaveGestionVenta] jArg: {"param":{"infoGestion":{"esVenta":false,"idObs":-1,"callRegId":"","fbackFinalizacionCod":"3346db93-e038-4abb-82fb-78261e14fb33","fbackFinalizacionDesc":"Activación SVA","idUltimoEstado":"3","fBackFecHora":"","callPaisId":"CL","callCallcenterId":"KO","callCanalId":"WE","callFamiliaId":"Fij","callFecGestIni":"","callFecGestFin":"/42/2018","callBatchId":"","callSistemaId":"SISTEMA","callArchivo":"","accId":"AccId","accLineaId":"941532485","accCampanaId":"CQC","accHorario":"","accArg1Id":"","accArg2Id":"","accArg3Id":"","accPreg1":"¿ESTÁ CONFORME CON LOS SERVICIOS DE MOVISTAR?","accResp1":"","accPreg2":"¿QUÉ SERVICIOS TIENE CON LA COMPETENCIA?","accResp2":"","accScore":"","cliId":"","cliRutConDv":"143412512","cliNombre":"Nombre Cliente","cliSegmento":"","cliGse":"","cliAntiguedad":"","cliLineaAntiguedad":"","cliCicloCod":"","cliIndPortado":"","cliUltBoletaMonto":"","cliContacAlter":"","cliContacAlterFijo":"","cliContacAlterMovil":"","cliNumSerie":"","cliNotificar":"0","webEmail":"","fechaNacimiento":"","prodVigDesc":"","prodVigPrecio":"","prodVigFinPromo":"","dirCalle":"","dirNro":"","dirPiso":"","dirDepto":"","dirComuna":"","dirCiudad":"","dirRegion":"13","dirEntreCalles":"","dirYCalles":"","oferP1Cod":"OFERTA 1","oferP1Desc":"Alta(148):TRIO :TVHD PRO+Min Ilim+BA Talla L (dscto $12.000 x 6 meses)","oferP1Precio":"39990","oferP1Delta":"","oferP1Vendido":"","oferP1Cantidad":"","oferP2Cod":"","oferP2Desc":"","oferP2Precio":"","oferP2Delta":"","oferP2Vendido":"","oferP2Cantidad":"","oferP3Cod":"","oferP3Desc":"","oferP3Precio":"","oferP3Delta":"","oferP3Vendido":"","oferP3Cantidad":"","oferP4Cod":"","oferP4Desc":"","oferP4Precio":"","oferP4Delta":"","oferP4Vendido":"","oferP4Cantidad":"","oferP5Cod":"","oferP5Desc":"","oferP5Precio":"","oferP5Delta":"","oferP5Vendido":"","oferP5Cantidad":"","ventaProdCod":"","ventaSistemaId":"","ventaOossCod":"","generico01":"ENTEL","generico02":"","generico03":"","generico04":"","generico05":"","generico06":"","generico07":"","generico08":"","generico09":"","generico10":"","generico11":"","generico12":"","generico13":"","generico14":"","generico15":"","generico16":"","generico17":"","generico18":"","generico19":"","i3Identity":"107131924","zone":"","attempts":"0","status":"C","i3Siteid":"","i3Activecampaignid":"","i3Attemptsremotehangup":"0","i3Attemptssystemhangup":"","i3Attemptsabandoned":"","i3Attemptsbusy":"","i3Attemptsfax":"","i3Attemptsnoanswer":"","i3Attemptsmachine":"","i3Attemptsrescheduled":"0","i3Attemptssitcallable":"","i3Attemptsdaily":"1","i3LastcalledUtc":"19/03/2018","successresult":"","i3UploadId":"","i3Rowid":"","dncRegId":"","phoneNumber":"941532485","toExclude":"","expiration":"","fbackRegId":"","fbackLinea":"941532485","fbackEstado":"0","callIdRellamada":"","i3Callid":"300164320340180417","destinoLogistico":"","movSucursal":"","webNumAtencionCamaleon":"","webDireccion":"","fechaAgendamiento":"","cuartil":"Q1","webTipoSolicitud":"","webAni":"","webCodigoEquipo":"","webCodigoPlan":"","webTipoRequerimiento":"","webOrigen":"","webCategoria":"","cmptcCompaniaActual":"","cmptcSrvLinea":"","cmptcSrvBa":"","cmptcSrvTv":"","cmptcSrvMovil":"","cmptcSrvRangoPrecios":"","tlmSrvLinea":"","tlmSrvBa":"","tlmSrvTv":"","tlmSrvMovil":"","svaViaCertificacion":"","i3Userid":"msuarez","i3Campaignname":"CMP_CL_KO_WE_FIJ","fbackCierreFecHora":"","useridBackoffice":"","tipoCliente":"","tipoVenta":"","oferP1Categoria":"","oferP2Categoria":"","oferP3Categoria":"","oferP4Categoria":"","oferP5Categoria":"","despCalle":"","despComuna":"","despDepto":"","despEntreCalles":"","despNro":"","despPersonaContactar":"","despPiso":"","despReferencia":"","despRegion":"","despYCalles":"","sxbObservaciones":"","folioSiglo":"","folioUnifica":"","folioOl":"","folioMulticanalidad":"","sxbReferido":"","sxbGenerico1":"TBL_CL_KO_WE_FIJ","sxbGenerico3":"ERROR_IVR_DISCONNECT"},"infoPreventas":[]}}
ERROR 10:45:12,926 CampanasLogger                      call                      - Error Interno ID[8875142215][AddOrSaveGestionVenta] StackTrace
Oracle.DataAccess.Client.OracleException ORA-01858: se ha encontrado un carácter no numérico donde se esperaba uno numérico
ORA-06512: en "DEVELOP.PKGTBL_WS_WEB_V13_0", línea 291
ORA-06512: en línea 1    at Oracle.DataAccess.Client.OracleException.HandleErrorHelper(Int32 errCode, OracleConnection conn, IntPtr opsErrCtx, OpoSqlValCtx* pOpoSqlValCtx, Object src, String procedure, Boolean bCheck)
   at Oracle.DataAccess.Client.OracleException.HandleError(Int32 errCode, OracleConnection conn, String procedure, IntPtr opsErrCtx, OpoSqlValCtx* pOpoSqlValCtx, Object src, Boolean bCheck)
   at Oracle.DataAccess.Client.OracleCommand.ExecuteNonQuery()
   at ServiciosCampanas.GestionDAO.SaveGestionVenta(JsonObject infoGestion)
   at ServiciosCampanas.Gestion.AddOrSaveGestionVenta(JsonObject param)
DEBUG 14:37:03,248 CampanasLogger                      GetWrapUpCodes            - Init
DEBUG 14:37:03,248 CampanasLogger                      GetRegionesComunas        - Init
DEBUG 14:37:03,450 CampanasLogger                      GetWrapUpCodes            - Parametros: {"familia":"WE|WI|WO"}
DEBUG 14:37:03,885 CampanasLogger                      GetWrapUpCodes            - Finish
DEBUG 14:37:03,885 CampanasLogger                      GetRegionesComunas        - Finish
