DEBUG 14:57:49,929 CampanasLogger                      GetWrapUpCodes            - Init
DEBUG 14:57:50,226 CampanasLogger                      GetWrapUpCodes            - Parametros: {"familia":"WE|WI|WO"}
DEBUG 14:57:51,038 CampanasLogger                      GetRegionesComunas        - Finish
DEBUG 14:57:51,179 CampanasLogger                      GetWrapUpCodes            - Finish
DEBUG 15:03:29,255 CampanasLogger                      GetRegionesComunas        - Init
DEBUG 15:03:29,286 CampanasLogger                      GetWrapUpCodes            - Init
DEBUG 15:03:29,286 CampanasLogger                      GetWrapUpCodes            - Parametros: {"familia":"WE|WI|WO"}
DEBUG 15:03:29,333 CampanasLogger                      GetWrapUpCodes            - Finish
DEBUG 15:06:57,238 CampanasLogger                      GetWrapUpCodes            - Init
DEBUG 15:06:57,238 CampanasLogger                      GetWrapUpCodes            - Parametros: {"familia":"WE|WI|WO"}
DEBUG 15:06:57,285 CampanasLogger                      GetRegionesComunas        - Finish
DEBUG 15:09:43,487 CampanasLogger                      GetRegionesComunas        - Init
DEBUG 15:09:43,503 CampanasLogger                      GetWrapUpCodes            - Init
DEBUG 15:09:43,503 CampanasLogger                      GetWrapUpCodes            - Parametros: {"familia":"WE|WI|WO"}
DEBUG 15:09:43,503 CampanasLogger                      GetWrapUpCodes            - Finish
DEBUG 15:15:43,094 CampanasLogger                      GetRegionesComunas        - Init
DEBUG 15:15:43,094 CampanasLogger                      GetWrapUpCodes            - Init
DEBUG 15:15:43,094 CampanasLogger                      GetWrapUpCodes            - Parametros: {"familia":"WE|WI|WO"}
DEBUG 15:15:43,126 CampanasLogger                      GetWrapUpCodes            - Finish
DEBUG 15:16:03,126 CampanasLogger                      GetRegionesComunas        - Init
DEBUG 15:16:03,141 CampanasLogger                      GetWrapUpCodes            - Init
DEBUG 15:16:03,141 CampanasLogger                      GetWrapUpCodes            - Parametros: {"familia":"WE|WI|WO"}
DEBUG 15:16:03,172 CampanasLogger                      GetWrapUpCodes            - Finish
DEBUG 15:16:19,876 CampanasLogger                      addRegisterToContact      - [8982808531] - Init AddRegisterToContact
DEBUG 15:16:19,876 CampanasLogger                      addRegisterToContact      - [8982808531] - Parametros: {"table":"TBL_CO_DI_WE_FIJ","callRegId":"-1","callPaisId":"CO","callCallcenterId":"DI","callCanalId":"WE","callFamiliaId":"801Fij","callFecGestIni":"","callFecGestFin":"","callBatchId":"","callSistemaId":"ININ","callArchivo":"Inbound Binding","accId":"","accLineaId":"964961947","accCampanaId":"","accHorario":"","accArg1Id":"","accArg2Id":"","accArg3Id":"","accPreg1":"","accResp1":"","accPreg2":"","accResp2":"","accScore":"","cliId":"","cliRutConDv":"","cliNombre":"","cliSegmento":"","cliGse":"","cliAntiguedad":"","cliLineaAntiguedad":"","cliCicloCod":"","cliIndPortado":"","cliUltBoletaMonto":"","cliContacAlter":"","cliContacAlterFijo":"","cliContacAlterMovil":"","prodVigDesc":"","prodVigPrecio":"","prodVigFinPromo":"","dirCalle":"","dirNro":"","dirPiso":"","dirDepto":"","dirComuna":"","dirCiudad":"","dirRegion":"","oferP1Cod":"","oferP1Desc":"","oferP1Precio":"","oferP1Delta":"","oferP2Cod":"","oferP2Desc":"","oferP2Precio":"","oferP2Delta":"","oferP3Cod":"","oferP3Desc":"","oferP3Precio":"","oferP3Delta":"","oferP4Cod":"","oferP4Desc":"","oferP4Precio":"","oferP4Delta":"","oferP5Cod":"","oferP5Desc":"","oferP5Precio":"","oferP5Delta":"","ventaProdCod":"","ventaSistemaId":"","ventaOossCod":"","generico01":"","generico02":"","generico03":"","generico04":"","generico05":"","generico06":"","generico07":"","generico08":"","generico09":"","generico10":"","generico11":"","generico12":"","generico13":"","generico14":"","generico15":"herman.opazo","generico16":"","generico17":"800760","generico18":"","generico19":"","cuartil":"REFERIDO","sxbObservaciones":"","sxbConvergencia":"","sxbGenerico1":"TBL_CO_DI_WE_FIJ","sxbGenerico2":"","sxbGenerico3":"","sxbReferido":"","campaignName":"CMP_CO_DI_WE_FIJ","agent":"herman.opazo"}
DEBUG 15:16:19,876 CampanasLogger                      addRegisterToContact      - [8982808531] - Save Registro In Contact
ERROR 15:16:20,110 CampanasLogger                      addRegisterToContact      - [8982808531]Error Insertar Registro en Contact Error: ORA-16000: base de datos o base de datos de conexión abierta para acceso de sólo lectura
ORA-06512: en "DEVELOP.PKGTBL_WS_WEB_V13_0", línea 1281
ORA-16000: base de datos o base de datos de conexión abierta para acceso de sólo lectura
ORA-06512: en "DEVELOP.PKGTBL_WS_WEB_V13_0", línea 1133
ORA-06512: en línea 1
Oracle.DataAccess.Client.OracleException ORA-16000: base de datos o base de datos de conexión abierta para acceso de sólo lectura
ORA-06512: en "DEVELOP.PKGTBL_WS_WEB_V13_0", línea 1281
ORA-16000: base de datos o base de datos de conexión abierta para acceso de sólo lectura
ORA-06512: en "DEVELOP.PKGTBL_WS_WEB_V13_0", línea 1133
ORA-06512: en línea 1    at Oracle.DataAccess.Client.OracleException.HandleErrorHelper(Int32 errCode, OracleConnection conn, IntPtr opsErrCtx, OpoSqlValCtx* pOpoSqlValCtx, Object src, String procedure, Boolean bCheck)
   at Oracle.DataAccess.Client.OracleException.HandleError(Int32 errCode, OracleConnection conn, String procedure, IntPtr opsErrCtx, OpoSqlValCtx* pOpoSqlValCtx, Object src, Boolean bCheck)
   at Oracle.DataAccess.Client.OracleCommand.ExecuteNonQuery()
   at ServiciosCampanas.GestionDAO.SaveRegContact(JsonObject infoRegistro, String tipoRegistro)
   at ServiciosCampanas.Gestion.addRegisterToContact(JsonObject param)
DEBUG 15:16:20,126 CampanasLogger                      addRegisterToContact      - [8982808531] - Finish AddRegisterToContact
DEBUG 15:17:03,610 CampanasLogger                      addRegisterToContact      - [4957160573] - Init AddRegisterToContact
DEBUG 15:17:03,610 CampanasLogger                      addRegisterToContact      - [4957160573] - Parametros: {"table":"TBL_CO_DI_WE_FIJ","callRegId":"-1","callPaisId":"CO","callCallcenterId":"DI","callCanalId":"WE","callFamiliaId":"801Fij","callFecGestIni":"","callFecGestFin":"","callBatchId":"","callSistemaId":"ININ","callArchivo":"Llamada Manual","accId":"","accLineaId":"964961947","accCampanaId":"","accHorario":"","accArg1Id":"","accArg2Id":"","accArg3Id":"","accPreg1":"","accResp1":"","accPreg2":"","accResp2":"","accScore":"","cliId":"","cliRutConDv":"","cliNombre":"","cliSegmento":"","cliGse":"","cliAntiguedad":"","cliLineaAntiguedad":"","cliCicloCod":"","cliIndPortado":"","cliUltBoletaMonto":"","cliContacAlter":"","cliContacAlterFijo":"","cliContacAlterMovil":"","prodVigDesc":"","prodVigPrecio":"","prodVigFinPromo":"","dirCalle":"","dirNro":"","dirPiso":"","dirDepto":"","dirComuna":"","dirCiudad":"","dirRegion":"","oferP1Cod":"","oferP1Desc":"","oferP1Precio":"","oferP1Delta":"","oferP2Cod":"","oferP2Desc":"","oferP2Precio":"","oferP2Delta":"","oferP3Cod":"","oferP3Desc":"","oferP3Precio":"","oferP3Delta":"","oferP4Cod":"","oferP4Desc":"","oferP4Precio":"","oferP4Delta":"","oferP5Cod":"","oferP5Desc":"","oferP5Precio":"","oferP5Delta":"","ventaProdCod":"","ventaSistemaId":"","ventaOossCod":"","generico01":"","generico02":"","generico03":"","generico04":"","generico05":"","generico06":"","generico07":"","generico08":"","generico09":"","generico10":"","generico11":"","generico12":"","generico13":"","generico14":"","generico15":"herman.opazo","generico16":"","generico17":"800760","generico18":"","generico19":"","cuartil":"REFERIDO","sxbObservaciones":"","sxbConvergencia":"","sxbGenerico1":"TBL_CO_DI_WE_FIJ","sxbGenerico2":"","sxbGenerico3":"","sxbReferido":"","campaignName":"CMP_CO_DI_WE_FIJ","agent":"herman.opazo"}
DEBUG 15:17:03,610 CampanasLogger                      addRegisterToContact      - [4957160573] - Save Registro In Contact
ERROR 15:17:03,625 CampanasLogger                      addRegisterToContact      - [4957160573]Error Insertar Registro en Contact Error: ORA-16000: base de datos o base de datos de conexión abierta para acceso de sólo lectura
ORA-06512: en "DEVELOP.PKGTBL_WS_WEB_V13_0", línea 1281
ORA-16000: base de datos o base de datos de conexión abierta para acceso de sólo lectura
ORA-06512: en "DEVELOP.PKGTBL_WS_WEB_V13_0", línea 1133
ORA-06512: en línea 1
Oracle.DataAccess.Client.OracleException ORA-16000: base de datos o base de datos de conexión abierta para acceso de sólo lectura
ORA-06512: en "DEVELOP.PKGTBL_WS_WEB_V13_0", línea 1281
ORA-16000: base de datos o base de datos de conexión abierta para acceso de sólo lectura
ORA-06512: en "DEVELOP.PKGTBL_WS_WEB_V13_0", línea 1133
ORA-06512: en línea 1    at Oracle.DataAccess.Client.OracleException.HandleErrorHelper(Int32 errCode, OracleConnection conn, IntPtr opsErrCtx, OpoSqlValCtx* pOpoSqlValCtx, Object src, String procedure, Boolean bCheck)
   at Oracle.DataAccess.Client.OracleException.HandleError(Int32 errCode, OracleConnection conn, String procedure, IntPtr opsErrCtx, OpoSqlValCtx* pOpoSqlValCtx, Object src, Boolean bCheck)
   at Oracle.DataAccess.Client.OracleCommand.ExecuteNonQuery()
   at ServiciosCampanas.GestionDAO.SaveRegContact(JsonObject infoRegistro, String tipoRegistro)
   at ServiciosCampanas.Gestion.addRegisterToContact(JsonObject param)
DEBUG 15:17:03,625 CampanasLogger                      addRegisterToContact      - [4957160573] - Finish AddRegisterToContact
DEBUG 15:17:17,172 CampanasLogger                      addRegisterToContact      - [0213130438] - Init AddRegisterToContact
DEBUG 15:17:17,172 CampanasLogger                      addRegisterToContact      - [0213130438] - Parametros: {"table":"TBL_CO_DI_WE_FIJ","callRegId":"-1","callPaisId":"CO","callCallcenterId":"DI","callCanalId":"WE","callFamiliaId":"801Fij","callFecGestIni":"","callFecGestFin":"","callBatchId":"","callSistemaId":"ININ","callArchivo":"Llamada Manual","accId":"","accLineaId":"964961947","accCampanaId":"","accHorario":"","accArg1Id":"","accArg2Id":"","accArg3Id":"","accPreg1":"","accResp1":"","accPreg2":"","accResp2":"","accScore":"","cliId":"","cliRutConDv":"","cliNombre":"","cliSegmento":"","cliGse":"","cliAntiguedad":"","cliLineaAntiguedad":"","cliCicloCod":"","cliIndPortado":"","cliUltBoletaMonto":"","cliContacAlter":"","cliContacAlterFijo":"","cliContacAlterMovil":"","prodVigDesc":"","prodVigPrecio":"","prodVigFinPromo":"","dirCalle":"","dirNro":"","dirPiso":"","dirDepto":"","dirComuna":"","dirCiudad":"","dirRegion":"","oferP1Cod":"","oferP1Desc":"","oferP1Precio":"","oferP1Delta":"","oferP2Cod":"","oferP2Desc":"","oferP2Precio":"","oferP2Delta":"","oferP3Cod":"","oferP3Desc":"","oferP3Precio":"","oferP3Delta":"","oferP4Cod":"","oferP4Desc":"","oferP4Precio":"","oferP4Delta":"","oferP5Cod":"","oferP5Desc":"","oferP5Precio":"","oferP5Delta":"","ventaProdCod":"","ventaSistemaId":"","ventaOossCod":"","generico01":"","generico02":"","generico03":"","generico04":"","generico05":"","generico06":"","generico07":"","generico08":"","generico09":"","generico10":"","generico11":"","generico12":"","generico13":"","generico14":"","generico15":"herman.opazo","generico16":"","generico17":"800760","generico18":"","generico19":"","cuartil":"REFERIDO","sxbObservaciones":"","sxbConvergencia":"","sxbGenerico1":"TBL_CO_DI_WE_FIJ","sxbGenerico2":"","sxbGenerico3":"","sxbReferido":"","campaignName":"CMP_CO_DI_WE_FIJ","agent":"herman.opazo"}
DEBUG 15:17:17,172 CampanasLogger                      addRegisterToContact      - [0213130438] - Save Registro In Contact
ERROR 15:17:17,188 CampanasLogger                      addRegisterToContact      - [0213130438]Error Insertar Registro en Contact Error: ORA-16000: base de datos o base de datos de conexión abierta para acceso de sólo lectura
ORA-06512: en "DEVELOP.PKGTBL_WS_WEB_V13_0", línea 1281
ORA-16000: base de datos o base de datos de conexión abierta para acceso de sólo lectura
ORA-06512: en "DEVELOP.PKGTBL_WS_WEB_V13_0", línea 1133
ORA-06512: en línea 1
Oracle.DataAccess.Client.OracleException ORA-16000: base de datos o base de datos de conexión abierta para acceso de sólo lectura
ORA-06512: en "DEVELOP.PKGTBL_WS_WEB_V13_0", línea 1281
ORA-16000: base de datos o base de datos de conexión abierta para acceso de sólo lectura
ORA-06512: en "DEVELOP.PKGTBL_WS_WEB_V13_0", línea 1133
ORA-06512: en línea 1    at Oracle.DataAccess.Client.OracleException.HandleErrorHelper(Int32 errCode, OracleConnection conn, IntPtr opsErrCtx, OpoSqlValCtx* pOpoSqlValCtx, Object src, String procedure, Boolean bCheck)
   at Oracle.DataAccess.Client.OracleException.HandleError(Int32 errCode, OracleConnection conn, String procedure, IntPtr opsErrCtx, OpoSqlValCtx* pOpoSqlValCtx, Object src, Boolean bCheck)
   at Oracle.DataAccess.Client.OracleCommand.ExecuteNonQuery()
   at ServiciosCampanas.GestionDAO.SaveRegContact(JsonObject infoRegistro, String tipoRegistro)
   at ServiciosCampanas.Gestion.addRegisterToContact(JsonObject param)
DEBUG 15:17:17,188 CampanasLogger                      addRegisterToContact      - [0213130438] - Finish AddRegisterToContact
DEBUG 15:17:23,750 CampanasLogger                      addRegisterToContact      - [8428555484] - Init AddRegisterToContact
DEBUG 15:17:23,750 CampanasLogger                      addRegisterToContact      - [8428555484] - Parametros: {"table":"TBL_CO_DI_WE_FIJ","callRegId":"-1","callPaisId":"CO","callCallcenterId":"DI","callCanalId":"WE","callFamiliaId":"801Fij","callFecGestIni":"","callFecGestFin":"","callBatchId":"","callSistemaId":"ININ","callArchivo":"Llamada Manual","accId":"","accLineaId":"964961947","accCampanaId":"","accHorario":"","accArg1Id":"","accArg2Id":"","accArg3Id":"","accPreg1":"","accResp1":"","accPreg2":"","accResp2":"","accScore":"","cliId":"","cliRutConDv":"","cliNombre":"","cliSegmento":"","cliGse":"","cliAntiguedad":"","cliLineaAntiguedad":"","cliCicloCod":"","cliIndPortado":"","cliUltBoletaMonto":"","cliContacAlter":"","cliContacAlterFijo":"","cliContacAlterMovil":"","prodVigDesc":"","prodVigPrecio":"","prodVigFinPromo":"","dirCalle":"","dirNro":"","dirPiso":"","dirDepto":"","dirComuna":"","dirCiudad":"","dirRegion":"","oferP1Cod":"","oferP1Desc":"","oferP1Precio":"","oferP1Delta":"","oferP2Cod":"","oferP2Desc":"","oferP2Precio":"","oferP2Delta":"","oferP3Cod":"","oferP3Desc":"","oferP3Precio":"","oferP3Delta":"","oferP4Cod":"","oferP4Desc":"","oferP4Precio":"","oferP4Delta":"","oferP5Cod":"","oferP5Desc":"","oferP5Precio":"","oferP5Delta":"","ventaProdCod":"","ventaSistemaId":"","ventaOossCod":"","generico01":"","generico02":"","generico03":"","generico04":"","generico05":"","generico06":"","generico07":"","generico08":"","generico09":"","generico10":"","generico11":"","generico12":"","generico13":"","generico14":"","generico15":"herman.opazo","generico16":"","generico17":"800760","generico18":"","generico19":"","cuartil":"REFERIDO","sxbObservaciones":"","sxbConvergencia":"","sxbGenerico1":"TBL_CO_DI_WE_FIJ","sxbGenerico2":"","sxbGenerico3":"","sxbReferido":"","campaignName":"CMP_CO_DI_WE_FIJ","agent":"herman.opazo"}
DEBUG 15:17:23,750 CampanasLogger                      addRegisterToContact      - [8428555484] - Save Registro In Contact
ERROR 15:17:23,766 CampanasLogger                      addRegisterToContact      - [8428555484]Error Insertar Registro en Contact Error: ORA-16000: base de datos o base de datos de conexión abierta para acceso de sólo lectura
ORA-06512: en "DEVELOP.PKGTBL_WS_WEB_V13_0", línea 1281
ORA-16000: base de datos o base de datos de conexión abierta para acceso de sólo lectura
ORA-06512: en "DEVELOP.PKGTBL_WS_WEB_V13_0", línea 1133
ORA-06512: en línea 1
Oracle.DataAccess.Client.OracleException ORA-16000: base de datos o base de datos de conexión abierta para acceso de sólo lectura
ORA-06512: en "DEVELOP.PKGTBL_WS_WEB_V13_0", línea 1281
ORA-16000: base de datos o base de datos de conexión abierta para acceso de sólo lectura
ORA-06512: en "DEVELOP.PKGTBL_WS_WEB_V13_0", línea 1133
ORA-06512: en línea 1    at Oracle.DataAccess.Client.OracleException.HandleErrorHelper(Int32 errCode, OracleConnection conn, IntPtr opsErrCtx, OpoSqlValCtx* pOpoSqlValCtx, Object src, String procedure, Boolean bCheck)
   at Oracle.DataAccess.Client.OracleException.HandleError(Int32 errCode, OracleConnection conn, String procedure, IntPtr opsErrCtx, OpoSqlValCtx* pOpoSqlValCtx, Object src, Boolean bCheck)
   at Oracle.DataAccess.Client.OracleCommand.ExecuteNonQuery()
   at ServiciosCampanas.GestionDAO.SaveRegContact(JsonObject infoRegistro, String tipoRegistro)
   at ServiciosCampanas.Gestion.addRegisterToContact(JsonObject param)
DEBUG 15:17:23,766 CampanasLogger                      addRegisterToContact      - [8428555484] - Finish AddRegisterToContact
DEBUG 15:18:02,313 CampanasLogger                      AddOrSaveGestionVenta     - [100102014640180627] - Init
DEBUG 15:18:02,313 CampanasLogger                      AddOrSaveGestionVenta     - [100102014640180627] - Parametros: {"infoGestion":{"esVenta":false,"idObs":-1,"callRegId":"","fbackFinalizacionCod":"ca2132fd-273f-4d8c-95bb-1dcbe6adffc4","fbackFinalizacionDesc":"Cotiza Fijo BA","idUltimoEstado":"3","fBackFecHora":"","callPaisId":"CO","callCallcenterId":"DI","callCanalId":"WE","callFamiliaId":"801Fij","callFecGestIni":"","callFecGestFin":"","callBatchId":"","callSistemaId":"","callArchivo":"","accId":"","accLineaId":"964961947","accCampanaId":"","accHorario":"","accArg1Id":"","accArg2Id":"","accArg3Id":"","accPreg1":"","accResp1":"","accPreg2":"","accResp2":"","accScore":"","cliId":"","cliRutConDv":"","cliNombre":"","cliSegmento":"","cliGse":"","cliAntiguedad":"","cliLineaAntiguedad":"","cliCicloCod":"","cliIndPortado":"","cliUltBoletaMonto":"","cliContacAlter":"","cliContacAlterFijo":"","cliContacAlterMovil":"","cliNumSerie":"","cliNotificar":"0","webEmail":"","fechaNacimiento":"","prodVigDesc":"","prodVigPrecio":"","prodVigFinPromo":"","dirCalle":"","dirNro":"","dirPiso":"","dirDepto":"","dirComuna":"","dirCiudad":"","dirRegion":"","dirEntreCalles":"","dirYCalles":"","oferP1Cod":"","oferP1Desc":"","oferP1Precio":"","oferP1Delta":"","oferP1Vendido":"","oferP1Cantidad":"","oferP2Cod":"","oferP2Desc":"","oferP2Precio":"","oferP2Delta":"","oferP2Vendido":"","oferP2Cantidad":"","oferP3Cod":"","oferP3Desc":"","oferP3Precio":"","oferP3Delta":"","oferP3Vendido":"","oferP3Cantidad":"","oferP4Cod":"","oferP4Desc":"","oferP4Precio":"","oferP4Delta":"","oferP4Vendido":"","oferP4Cantidad":"","oferP5Cod":"","oferP5Desc":"","oferP5Precio":"","oferP5Delta":"","oferP5Vendido":"","oferP5Cantidad":"","ventaProdCod":"","ventaSistemaId":"","ventaOossCod":"","generico01":"","generico02":"","generico03":"","generico04":"","generico05":"","generico06":"","generico07":"","generico08":"","generico09":"","generico10":"","generico11":"","generico12":"","generico13":"","generico14":"","generico15":"","generico16":"","generico17":"800760","generico18":"","generico19":"","i3Identity":"","zone":"","attempts":"","status":"","i3Siteid":"","i3Activecampaignid":"","i3Attemptsremotehangup":"","i3Attemptssystemhangup":"","i3Attemptsabandoned":"","i3Attemptsbusy":"","i3Attemptsfax":"","i3Attemptsnoanswer":"","i3Attemptsmachine":"","i3Attemptsrescheduled":"","i3Attemptssitcallable":"","i3Attemptsdaily":"","i3LastcalledUtc":"","successresult":"","i3UploadId":"","i3Rowid":"","dncRegId":"","phoneNumber":"964961947","toExclude":"","expiration":"","fbackRegId":"","fbackLinea":"964961947","fbackEstado":"0","callIdRellamada":"","i3Callid":"100102014640180627","destinoLogistico":"","movSucursal":"","webNumAtencionCamaleon":"","webDireccion":"","fechaAgendamiento":"","cuartil":"","webTipoSolicitud":"","webAni":"","webCodigoEquipo":"","webCodigoPlan":"","webTipoRequerimiento":"","webOrigen":"","webCategoria":"","cmptcCompaniaActual":"","cmptcSrvLinea":"","cmptcSrvBa":"","cmptcSrvTv":"","cmptcSrvMovil":"","cmptcSrvRangoPrecios":"","tlmSrvLinea":"","tlmSrvBa":"","tlmSrvTv":"","tlmSrvMovil":"","svaViaCertificacion":"","i3Userid":"herman.opazo","i3Campaignname":"CMP_CO_DI_WE_FIJ","fbackCierreFecHora":"","useridBackoffice":"","tipoCliente":"","tipoVenta":"","oferP1Categoria":"","oferP2Categoria":"","oferP3Categoria":"","oferP4Categoria":"","oferP5Categoria":"","despCalle":"","despComuna":"","despDepto":"","despEntreCalles":"","despNro":"","despPersonaContactar":"","despPiso":"","despReferencia":"","despRegion":"","despYCalles":"","sxbObservaciones":"","folioSiglo":"","folioUnifica":"","folioOl":"","folioMulticanalidad":"","sxbReferido":"","sxbGenerico1":"TBL_CO_DI_WE_FIJ","sxbGenerico3":""},"infoPreventas":[]}
DEBUG 15:18:02,313 CampanasLogger                      AddOrSaveGestionVenta     - [100102014640180627] - Add GestionVenta
ERROR 15:18:02,391 CampanasLogger                      call                      - Error Interno ID[8982808531][AddOrSaveGestionVenta] Message: ORA-16000: base de datos o base de datos de conexión abierta para acceso de sólo lectura
ORA-06512: en "DEVELOP.PKGTBL_WS_WEB_V13_0", línea 300
ORA-06512: en línea 1
ERROR 15:18:02,391 CampanasLogger                      call                      - Error Interno ID[8982808531][AddOrSaveGestionVenta] jArg: {"param":{"infoGestion":{"esVenta":false,"idObs":-1,"callRegId":"","fbackFinalizacionCod":"ca2132fd-273f-4d8c-95bb-1dcbe6adffc4","fbackFinalizacionDesc":"Cotiza Fijo BA","idUltimoEstado":"3","fBackFecHora":"","callPaisId":"CO","callCallcenterId":"DI","callCanalId":"WE","callFamiliaId":"801Fij","callFecGestIni":"","callFecGestFin":"","callBatchId":"","callSistemaId":"","callArchivo":"","accId":"","accLineaId":"964961947","accCampanaId":"","accHorario":"","accArg1Id":"","accArg2Id":"","accArg3Id":"","accPreg1":"","accResp1":"","accPreg2":"","accResp2":"","accScore":"","cliId":"","cliRutConDv":"","cliNombre":"","cliSegmento":"","cliGse":"","cliAntiguedad":"","cliLineaAntiguedad":"","cliCicloCod":"","cliIndPortado":"","cliUltBoletaMonto":"","cliContacAlter":"","cliContacAlterFijo":"","cliContacAlterMovil":"","cliNumSerie":"","cliNotificar":"0","webEmail":"","fechaNacimiento":"","prodVigDesc":"","prodVigPrecio":"","prodVigFinPromo":"","dirCalle":"","dirNro":"","dirPiso":"","dirDepto":"","dirComuna":"","dirCiudad":"","dirRegion":"","dirEntreCalles":"","dirYCalles":"","oferP1Cod":"","oferP1Desc":"","oferP1Precio":"","oferP1Delta":"","oferP1Vendido":"","oferP1Cantidad":"","oferP2Cod":"","oferP2Desc":"","oferP2Precio":"","oferP2Delta":"","oferP2Vendido":"","oferP2Cantidad":"","oferP3Cod":"","oferP3Desc":"","oferP3Precio":"","oferP3Delta":"","oferP3Vendido":"","oferP3Cantidad":"","oferP4Cod":"","oferP4Desc":"","oferP4Precio":"","oferP4Delta":"","oferP4Vendido":"","oferP4Cantidad":"","oferP5Cod":"","oferP5Desc":"","oferP5Precio":"","oferP5Delta":"","oferP5Vendido":"","oferP5Cantidad":"","ventaProdCod":"","ventaSistemaId":"","ventaOossCod":"","generico01":"","generico02":"","generico03":"","generico04":"","generico05":"","generico06":"","generico07":"","generico08":"","generico09":"","generico10":"","generico11":"","generico12":"","generico13":"","generico14":"","generico15":"","generico16":"","generico17":"800760","generico18":"","generico19":"","i3Identity":"","zone":"","attempts":"","status":"","i3Siteid":"","i3Activecampaignid":"","i3Attemptsremotehangup":"","i3Attemptssystemhangup":"","i3Attemptsabandoned":"","i3Attemptsbusy":"","i3Attemptsfax":"","i3Attemptsnoanswer":"","i3Attemptsmachine":"","i3Attemptsrescheduled":"","i3Attemptssitcallable":"","i3Attemptsdaily":"","i3LastcalledUtc":"","successresult":"","i3UploadId":"","i3Rowid":"","dncRegId":"","phoneNumber":"964961947","toExclude":"","expiration":"","fbackRegId":"","fbackLinea":"964961947","fbackEstado":"0","callIdRellamada":"","i3Callid":"100102014640180627","destinoLogistico":"","movSucursal":"","webNumAtencionCamaleon":"","webDireccion":"","fechaAgendamiento":"","cuartil":"","webTipoSolicitud":"","webAni":"","webCodigoEquipo":"","webCodigoPlan":"","webTipoRequerimiento":"","webOrigen":"","webCategoria":"","cmptcCompaniaActual":"","cmptcSrvLinea":"","cmptcSrvBa":"","cmptcSrvTv":"","cmptcSrvMovil":"","cmptcSrvRangoPrecios":"","tlmSrvLinea":"","tlmSrvBa":"","tlmSrvTv":"","tlmSrvMovil":"","svaViaCertificacion":"","i3Userid":"herman.opazo","i3Campaignname":"CMP_CO_DI_WE_FIJ","fbackCierreFecHora":"","useridBackoffice":"","tipoCliente":"","tipoVenta":"","oferP1Categoria":"","oferP2Categoria":"","oferP3Categoria":"","oferP4Categoria":"","oferP5Categoria":"","despCalle":"","despComuna":"","despDepto":"","despEntreCalles":"","despNro":"","despPersonaContactar":"","despPiso":"","despReferencia":"","despRegion":"","despYCalles":"","sxbObservaciones":"","folioSiglo":"","folioUnifica":"","folioOl":"","folioMulticanalidad":"","sxbReferido":"","sxbGenerico1":"TBL_CO_DI_WE_FIJ","sxbGenerico3":""},"infoPreventas":[]}}
ERROR 15:18:02,391 CampanasLogger                      call                      - Error Interno ID[8982808531][AddOrSaveGestionVenta] StackTrace
Oracle.DataAccess.Client.OracleException ORA-16000: base de datos o base de datos de conexión abierta para acceso de sólo lectura
ORA-06512: en "DEVELOP.PKGTBL_WS_WEB_V13_0", línea 300
ORA-06512: en línea 1    at Oracle.DataAccess.Client.OracleException.HandleErrorHelper(Int32 errCode, OracleConnection conn, IntPtr opsErrCtx, OpoSqlValCtx* pOpoSqlValCtx, Object src, String procedure, Boolean bCheck)
   at Oracle.DataAccess.Client.OracleException.HandleError(Int32 errCode, OracleConnection conn, String procedure, IntPtr opsErrCtx, OpoSqlValCtx* pOpoSqlValCtx, Object src, Boolean bCheck)
   at Oracle.DataAccess.Client.OracleCommand.ExecuteNonQuery()
   at ServiciosCampanas.GestionDAO.SaveGestionVenta(JsonObject infoGestion)
   at ServiciosCampanas.Gestion.AddOrSaveGestionVenta(JsonObject param)
DEBUG 15:18:19,031 CampanasLogger                      GetRegionesComunas        - Init
DEBUG 15:18:19,047 CampanasLogger                      GetRegionesComunas        - Finish
DEBUG 15:18:19,078 CampanasLogger                      GetWrapUpCodes            - Init
DEBUG 15:18:19,078 CampanasLogger                      GetWrapUpCodes            - Parametros: {"familia":"WE|WI|WO"}
DEBUG 15:18:19,109 CampanasLogger                      GetWrapUpCodes            - Finish
DEBUG 15:18:57,672 CampanasLogger                      GetRegionesComunas        - Init
DEBUG 15:18:57,687 CampanasLogger                      GetRegionesComunas        - Finish
DEBUG 15:18:57,687 CampanasLogger                      GetWrapUpCodes            - Init
DEBUG 15:18:57,687 CampanasLogger                      GetWrapUpCodes            - Parametros: {"familia":"WE|WI|WO"}
DEBUG 15:18:57,703 CampanasLogger                      GetWrapUpCodes            - Finish
