ERROR 10:58:23,169 IntegracionASBLogger                ProcessRequest            - [6923448312] Response Code '405' - Message 'Sólo se acepta invocación vía 'POST''
ERROR 10:58:58,642 IntegracionASBLogger                ProcessRequest            - [5569335399] Response Code '405' - Message 'Sólo se acepta invocación vía 'POST''
ERROR 11:05:25,625 IntegracionASBLogger                ProcessRequest            - [2670837046] Response Code '405' - Message 'Sólo se acepta invocación vía 'POST''
ERROR 11:55:59,399 IntegracionASBLogger                ProcessRequest            - [6925058554] Response Code '405' - Message 'Sólo se acepta invocación vía 'POST''
INFO  12:04:57,979 IntegracionASBLogger                ProcessRequest            - [6107263059] Request Recibido: numero_atencion=1234567890&dnis=20101&ani=992626207&rut_cliente=143412512&fecha_nacimiento=12-12-76&nombres_cliente=Pruebas&apaterno_cliente=C2C&amaterno_cliente=Primero&telefono_fijo=123456789&telefono_movil=987654321&email=herman.opazo%40gmail.com&direccion=direccion&comuna=05108&region=05&tipo_requerimiento=Fijo&numero_oferta=num+oferta&nombre_oferta=nombreoferta&precio_oferta=49990&categoria=catego&origen=origen&codigo_equipo=cod+equipo&codigo_plan=cod+plan&fecha_agendamiento=&tipo_solicitud=C2C&default1=defaul1&default2=Fijo&default3=80&default4=defaul4
INFO  12:04:57,979 IntegracionASBLogger                ProcessRequest            - [6107263059] Encoding Request 6107263059
INFO  12:04:58,291 IntegracionASBLogger                ProcessRequest            - [6107263059] Se inserta para discado inmediato
INFO  12:05:57,056 IntegracionASBLogger                ProcessRequest            - [6107263059] Response Code '200' - Message 'OK'
INFO  12:15:02,609 IntegracionASBLogger                ProcessRequest            - [0494501251] Request Recibido: numero_atencion=1234567890&dnis=20101&ani=992626207&rut_cliente=143412512&fecha_nacimiento=12-12-76&nombres_cliente=Pruebas&apaterno_cliente=C2C&amaterno_cliente=N2&telefono_fijo=123456789&telefono_movil=987654321&email=herman.opazo%40gmail.com&direccion=direccion&comuna=05108&region=05&tipo_requerimiento=Fijo&numero_oferta=num+oferta&nombre_oferta=nombreoferta&precio_oferta=49990&categoria=catego&origen=origen&codigo_equipo=cod+equipo&codigo_plan=cod+plan&fecha_agendamiento=&tipo_solicitud=C2C&default1=defaul1&default2=Fijo&default3=80&default4=defaul4
INFO  12:15:02,609 IntegracionASBLogger                ProcessRequest            - [0494501251] Encoding Request 0494501251
INFO  12:15:02,609 IntegracionASBLogger                ProcessRequest            - [0494501251] Se inserta para discado inmediato
INFO  12:15:02,890 IntegracionASBLogger                ProcessRequest            - [0494501251] Response Code '200' - Message 'OK'
INFO  15:38:36,058 IntegracionASBLogger                ProcessRequest            - [4450242042] Request Recibido: numero_atencion=1234567890&dnis=20101&ani=992626207&rut_cliente=143412512&fecha_nacimiento=12-12-76&nombres_cliente=Pruebas&apaterno_cliente=C2C&amaterno_cliente=N3&telefono_fijo=123456789&telefono_movil=987654321&email=herman.opazo%40gmail.com&direccion=direccion&comuna=05108&region=05&tipo_requerimiento=Fijo&numero_oferta=num+oferta&nombre_oferta=nombreoferta&precio_oferta=49990&categoria=catego&origen=origen&codigo_equipo=cod+equipo&codigo_plan=cod+plan&fecha_agendamiento=&tipo_solicitud=C2C&default1=defaul1&default2=Fijo&default3=80&default4=defaul4
INFO  15:38:36,074 IntegracionASBLogger                ProcessRequest            - [4450242042] Encoding Request 4450242042
INFO  15:38:36,246 IntegracionASBLogger                ProcessRequest            - [4450242042] Se inserta para discado inmediato
INFO  15:39:11,606 IntegracionASBLogger                ProcessRequest            - [4450242042] Response Code '200' - Message 'OK'
INFO  15:40:09,809 IntegracionASBLogger                ProcessRequest            - [8695043834] Request Recibido: numero_atencion=1234567890&dnis=20101&ani=941992540&rut_cliente=143412512&fecha_nacimiento=12-12-76&nombres_cliente=Pruebas&apaterno_cliente=C2C&amaterno_cliente=N3&telefono_fijo=123456789&telefono_movil=987654321&email=herman.opazo%40gmail.com&direccion=direccion&comuna=05108&region=05&tipo_requerimiento=Fijo&numero_oferta=num+oferta&nombre_oferta=nombreoferta&precio_oferta=49990&categoria=catego&origen=origen&codigo_equipo=cod+equipo&codigo_plan=cod+plan&fecha_agendamiento=&tipo_solicitud=C2C&default1=defaul1&default2=Fijo&default3=80&default4=defaul4
INFO  15:40:09,809 IntegracionASBLogger                ProcessRequest            - [8695043834] Encoding Request 8695043834
INFO  15:40:09,809 IntegracionASBLogger                ProcessRequest            - [8695043834] Se inserta para discado inmediato
INFO  15:40:10,090 IntegracionASBLogger                ProcessRequest            - [8695043834] Response Code '200' - Message 'OK'
INFO  15:43:02,602 IntegracionASBLogger                ProcessRequest            - [9598000765] Request Recibido: numero_atencion=1234567890&dnis=20101&ani=941992540&rut_cliente=143412512&fecha_nacimiento=12-12-76&nombres_cliente=Pruebas&apaterno_cliente=C2C&amaterno_cliente=N3&telefono_fijo=123456789&telefono_movil=987654321&email=herman.opazo%40gmail.com&direccion=direccion&comuna=05108&region=05&tipo_requerimiento=Fijo&numero_oferta=num+oferta&nombre_oferta=nombreoferta&precio_oferta=49990&categoria=catego&origen=origen&codigo_equipo=cod+equipo&codigo_plan=cod+plan&fecha_agendamiento=&tipo_solicitud=C2C&default1=defaul1&default2=Fijo&default3=80&default4=defaul4
INFO  15:43:02,603 IntegracionASBLogger                ProcessRequest            - [9598000765] Encoding Request 9598000765
INFO  15:43:02,607 IntegracionASBLogger                ProcessRequest            - [9598000765] Se inserta para discado inmediato
INFO  15:43:03,123 IntegracionASBLogger                ProcessRequest            - [9598000765] Response Code '200' - Message 'OK'
INFO  15:45:10,958 IntegracionASBLogger                ProcessRequest            - [1260966106] Request Recibido: numero_atencion=1234567890&dnis=20101&ani=941992540&rut_cliente=143412512&fecha_nacimiento=12-12-76&nombres_cliente=Pruebas&apaterno_cliente=C2C&amaterno_cliente=N3&telefono_fijo=123456789&telefono_movil=987654321&email=herman.opazo%40gmail.com&direccion=direccion&comuna=05108&region=05&tipo_requerimiento=Fijo&numero_oferta=num+oferta&nombre_oferta=nombreoferta&precio_oferta=49990&categoria=catego&origen=origen&codigo_equipo=cod+equipo&codigo_plan=cod+plan&fecha_agendamiento=&tipo_solicitud=C2C&default1=defaul1&default2=Fijo&default3=80&default4=defaul4
INFO  15:45:10,959 IntegracionASBLogger                ProcessRequest            - [1260966106] Encoding Request 1260966106
INFO  15:45:10,969 IntegracionASBLogger                ProcessRequest            - [1260966106] Se inserta para discado inmediato
INFO  15:45:11,262 IntegracionASBLogger                ProcessRequest            - [1260966106] Response Code '200' - Message 'OK'
INFO  16:19:55,323 IntegracionASBLogger                ProcessRequest            - [1596399291] Request Recibido: numero_atencion=1234567890&dnis=20101&ani=941992540&rut_cliente=143412512&fecha_nacimiento=12-12-76&nombres_cliente=Pruebas&apaterno_cliente=C2C&amaterno_cliente=N4&telefono_fijo=123456789&telefono_movil=987654321&email=herman.opazo%40gmail.com&direccion=direccion&comuna=05108&region=05&tipo_requerimiento=Fijo&numero_oferta=num+oferta&nombre_oferta=nombreoferta&precio_oferta=49990&categoria=catego&origen=origen&codigo_equipo=cod+equipo&codigo_plan=cod+plan&fecha_agendamiento=&tipo_solicitud=C2C&default1=defaul1&default2=Fijo&default3=80&default4=defaul4
INFO  16:19:55,324 IntegracionASBLogger                ProcessRequest            - [1596399291] Encoding Request 1596399291
INFO  16:19:55,333 IntegracionASBLogger                ProcessRequest            - [1596399291] Se inserta para discado inmediato
INFO  16:19:55,808 IntegracionASBLogger                ProcessRequest            - [1596399291] Response Code '200' - Message 'OK'
INFO  16:23:10,371 IntegracionASBLogger                ProcessRequest            - [0052385702] Request Recibido: numero_atencion=1234567890&dnis=20101&ani=941992540&rut_cliente=143412512&fecha_nacimiento=12-12-76&nombres_cliente=Pruebas&apaterno_cliente=C2C&amaterno_cliente=N4&telefono_fijo=123456789&telefono_movil=987654321&email=herman.opazo%40gmail.com&direccion=direccion&comuna=05108&region=05&tipo_requerimiento=Fijo&numero_oferta=num+oferta&nombre_oferta=nombreoferta&precio_oferta=49990&categoria=catego&origen=origen&codigo_equipo=cod+equipo&codigo_plan=cod+plan&fecha_agendamiento=&tipo_solicitud=C2C&default1=defaul1&default2=Fijo&default3=80&default4=defaul4
INFO  16:23:10,371 IntegracionASBLogger                ProcessRequest            - [0052385702] Encoding Request 0052385702
INFO  16:23:10,371 IntegracionASBLogger                ProcessRequest            - [0052385702] Se inserta para discado inmediato
INFO  16:23:10,621 IntegracionASBLogger                ProcessRequest            - [0052385702] Response Code '200' - Message 'OK'
INFO  16:56:10,108 IntegracionASBLogger                ProcessRequest            - [4549059953] Request Recibido: numero_atencion=1234567890&dnis=20101&ani=992626207&rut_cliente=143412512&fecha_nacimiento=12-12-76&nombres_cliente=Pruebas&apaterno_cliente=C2C&amaterno_cliente=N4&telefono_fijo=123456789&telefono_movil=987654321&email=herman.opazo%40gmail.com&direccion=direccion&comuna=05108&region=05&tipo_requerimiento=Fijo&numero_oferta=num+oferta&nombre_oferta=nombreoferta&precio_oferta=49990&categoria=catego&origen=origen&codigo_equipo=cod+equipo&codigo_plan=cod+plan&fecha_agendamiento=&tipo_solicitud=C2C&default1=defaul1&default2=Fijo&default3=80&default4=defaul4
INFO  16:56:10,108 IntegracionASBLogger                ProcessRequest            - [4549059953] Encoding Request 4549059953
INFO  16:56:10,170 IntegracionASBLogger                ProcessRequest            - [4549059953] Se inserta para discado inmediato
INFO  16:56:10,467 IntegracionASBLogger                ProcessRequest            - [4549059953] Response Code '200' - Message 'OK'
